<?xml version="1.0" encoding="UTF-8"?>
<!-- Generated by org.testng.reporters.JUnitXMLReporter -->
<testsuite ignored="16" hostname="DESKTOP-NV6E2NO" failures="0" tests="1" name="Default test" time="4.095" errors="0" timestamp="01 Jul 2022 09:12:56 GMT">
  <testcase classname="com.bridgelabz.spotify.Spotify_API" name="GetTrack" time="4.03"/>
  <testcase classname="com.bridgelabz.spotify.Spotify_API" name="GetTrackAudioFeatures" time="0.0">
    <ignored/>
  </testcase> <!-- GetTrackAudioFeatures -->
  <testcase classname="com.bridgelabz.spotify.Spotify_API" name="RemovePlaylistItem" time="0.0">
    <ignored/>
  </testcase> <!-- RemovePlaylistItem -->
  <testcase classname="com.bridgelabz.spotify.Spotify_API" name="SearchForItem" time="0.0">
    <ignored/>
  </testcase> <!-- SearchForItem -->
  <testcase classname="com.bridgelabz.spotify.Spotify_API" name="GetUserPlaylist" time="0.0">
    <ignored/>
  </testcase> <!-- GetUserPlaylist -->
  <testcase classname="com.bridgelabz.spotify.Spotify_API" name="ChangePlaylistDetails" time="0.0">
    <ignored/>
  </testcase> <!-- ChangePlaylistDetails -->
  <testcase classname="com.bridgelabz.spotify.Spotify_API" name="GetPlaylistCoverImage" time="0.0">
    <ignored/>
  </testcase> <!-- GetPlaylistCoverImage -->
  <testcase classname="com.bridgelabz.spotify.Spotify_API" name="testGet_Current_Profile" time="0.0">
    <ignored/>
  </testcase> <!-- testGet_Current_Profile -->
  <testcase classname="com.bridgelabz.spotify.Spotify_API" name="GetPlaylist" time="0.0">
    <ignored/>
  </testcase> <!-- GetPlaylist -->
  <testcase classname="com.bridgelabz.spotify.Spotify_API" name="GetTrackAudioFeature" time="0.0">
    <ignored/>
  </testcase> <!-- GetTrackAudioFeature -->
  <testcase classname="com.bridgelabz.spotify.Spotify_API" name="UpdatePlaylistItem" time="0.0">
    <ignored/>
  </testcase> <!-- UpdatePlaylistItem -->
  <testcase classname="com.bridgelabz.spotify.Spotify_API" name="testGet_UserProfile" time="0.0">
    <ignored/>
  </testcase> <!-- testGet_UserProfile -->
  <testcase classname="com.bridgelabz.spotify.Spotify_API" name="AddItemsToPlaylist" time="0.0">
    <ignored/>
  </testcase> <!-- AddItemsToPlaylist -->
  <testcase classname="com.bridgelabz.spotify.Spotify_API" name="GetTrackAudioAnalysis" time="0.0">
    <ignored/>
  </testcase> <!-- GetTrackAudioAnalysis -->
  <testcase classname="com.bridgelabz.spotify.Spotify_API" name="GetSeveralTrack" time="0.0">
    <ignored/>
  </testcase> <!-- GetSeveralTrack -->
  <testcase classname="com.bridgelabz.spotify.Spotify_API" name="GetCurrentUsersPlaylists" time="0.0">
    <ignored/>
  </testcase> <!-- GetCurrentUsersPlaylists -->
  <testcase classname="com.bridgelabz.spotify.Spotify_API" name="GetPlaylistItem" time="0.0">
    <ignored/>
  </testcase> <!-- GetPlaylistItem -->
</testsuite> <!-- Default test -->
