<?xml version="1.0" encoding="UTF-8"?>
<testng-results ignored="16" total="17" passed="1" failed="0" skipped="0">
  <reporter-output>
  </reporter-output>
  <suite started-at="2022-07-01T09:12:52Z" name="Default suite" finished-at="2022-07-01T09:12:56Z" duration-ms="4095">
    <groups>
    </groups>
    <test started-at="2022-07-01T09:12:52Z" name="Default test" finished-at="2022-07-01T09:12:56Z" duration-ms="4095">
      <class name="com.bridgelabz.spotify.Spotify_API">
        <test-method is-config="true" signature="getToken()[pri:0, instance:com.bridgelabz.spotify.Spotify_API@3a7442c7]" started-at="2022-07-01T09:12:52Z" name="getToken" finished-at="2022-07-01T09:12:52Z" duration-ms="38" status="PASS">
          <reporter-output>
          </reporter-output>
        </test-method> <!-- getToken -->
        <test-method signature="GetTrack()[pri:16, instance:com.bridgelabz.spotify.Spotify_API@3a7442c7]" started-at="2022-07-01T09:12:52Z" name="GetTrack" finished-at="2022-07-01T09:12:56Z" duration-ms="4030" status="PASS">
          <reporter-output>
          </reporter-output>
        </test-method> <!-- GetTrack -->
      </class> <!-- com.bridgelabz.spotify.Spotify_API -->
    </test> <!-- Default test -->
  </suite> <!-- Default suite -->
</testng-results>
